<?xml version="1.0" encoding="UTF-8"?>
<!-- Generated by org.testng.reporters.JUnitReportReporter -->
<testsuite hostname="TGL205" failures="0" tests="1" name="MyRunner.Runner" time="52.958" errors="0" timestamp="2022-02-23T11:19:54 IST" skipped="0">
  <testcase classname="MyRunner.Runner" name="runScenario" time="52.958"/>
  <system-out/>
</testsuite> <!-- MyRunner.Runner -->
